Arguments: 
  E:\Scoop\apps\nodejs\current\node.exe E:\Scoop\apps\yarn\current\Yarn\bin\yarn.js add -D @typescript-eslint/eslint-plugin @typescript-eslint/parser eslint minimist parcel-plugin-clean-esay parcel-plugin-static-files-copy prettier typescript

PATH: 
  C:\Windows\system32;C:\Windows;C:\Windows\System32\Wbem;C:\Windows\System32\WindowsPowerShell\v1.0\;C:\Windows\System32\OpenSSH\;C:\Program Files\NVIDIA Corporation\NVIDIA NvDLISR;C:\Program Files (x86)\NVIDIA Corporation\PhysX\Common;;E:\WinSCP\;C:\Program Files\dotnet\;E:\Scoop\apps\yarn\current\Yarn\bin;E:\Scoop\apps\yarn\current\global\node_modules\.bin;E:\Scoop\apps\nodejs\current\bin;E:\Scoop\apps\nodejs\current;E:\Scoop\shims;C:\Users\Windows\AppData\Local\Microsoft\WindowsApps;C:\Users\Windows\.scripts;E:\Microsoft VS Code\bin;E:\Flutter\bin

Yarn version: 
  1.22.5

Node version: 
  14.13.0

Platform: 
  win32 x64

Trace: 
  Error: https://registry.yarnpkg.com/parcel-plugin-clean-esay: Not found
      at Request.params.callback [as _callback] (E:\Scoop\apps\yarn\1.22.5\Yarn\lib\cli.js:66097:18)
      at Request.self.callback (E:\Scoop\apps\yarn\1.22.5\Yarn\lib\cli.js:140749:22)
      at Request.emit (events.js:314:20)
      at Request.<anonymous> (E:\Scoop\apps\yarn\1.22.5\Yarn\lib\cli.js:141721:10)
      at Request.emit (events.js:314:20)
      at IncomingMessage.<anonymous> (E:\Scoop\apps\yarn\1.22.5\Yarn\lib\cli.js:141643:12)
      at Object.onceWrapper (events.js:420:28)
      at IncomingMessage.emit (events.js:326:22)
      at endReadableNT (_stream_readable.js:1252:12)
      at processTicksAndRejections (internal/process/task_queues.js:80:21)

npm manifest: 
  {
    "name": "dungeon-crawler",
    "version": "1.0.0",
    "main": "index.js",
    "repository": "https://github.com/alexfgrdo/dungeon-crawler.git",
    "author": "Alexandre Figueiredo <alexfgrdo@gmail.com>",
    "license": "MIT"
  }

yarn manifest: 
  No manifest

Lockfile: 
  No lockfile
